2023-02-25 11:54:15,020:INFO:PyCaret Supervised Module
2023-02-25 11:54:15,020:INFO:ML Usecase: regression
2023-02-25 11:54:15,020:INFO:version 2.2.2
2023-02-25 11:54:15,020:INFO:Initializing setup()
2023-02-25 11:54:15,020:INFO:setup(target=Chance of Admit, ml_usecase=regression, available_plots={'parameter': 'Hyperparameters', 'residuals': 'Residuals', 'error': 'Prediction Error', 'cooks': 'Cooks Distance', 'rfe': 'Feature Selection', 'learning': 'Learning Curve', 'manifold': 'Manifold Learning', 'vc': 'Validation Curve', 'feature': 'Feature Importance', 'feature_all': 'Feature Importance (All)', 'tree': 'Decision Tree'}, train_size=0.7, test_data=None, preprocess=True, imputation_type=simple, iterative_imputation_iters=5, categorical_features=None, categorical_imputation=constant, categorical_iterative_imputer=lightgbm, ordinal_features=None, high_cardinality_features=None, high_cardinality_method=frequency, numeric_features=None, numeric_imputation=mean, numeric_iterative_imputer=lightgbm, date_features=None, ignore_features=None, normalize=False, normalize_method=zscore, transformation=False, transformation_method=yeo-johnson, handle_unknown_categorical=True, unknown_categorical_method=least_frequent, pca=False, pca_method=linear, pca_components=None, ignore_low_variance=False, combine_rare_levels=False, rare_level_threshold=0.1, bin_numeric_features=None, remove_outliers=False, outliers_threshold=0.05, remove_multicollinearity=False, multicollinearity_threshold=0.9, remove_perfect_collinearity=True, create_clusters=False, cluster_iter=20, polynomial_features=False, polynomial_degree=2, trigonometry_features=False, polynomial_threshold=0.1, group_features=None, group_names=None, feature_selection=False, feature_selection_threshold=0.8, feature_selection_method=classic, feature_interaction=False, feature_ratio=False, interaction_threshold=0.01, fix_imbalance=False, fix_imbalance_method=None, transform_target=False, transform_target_method=box-cox, data_split_shuffle=True, data_split_stratify=False, fold_strategy=kfold, fold=10, fold_shuffle=False, fold_groups=None, n_jobs=-1, use_gpu=False, custom_pipeline=None, html=True, session_id=123, log_experiment=False, experiment_name=None, log_plots=False, log_profile=False, log_data=False, silent=False, verbose=True, profile=False, profile_kwargs=None, display=None)
2023-02-25 11:54:15,020:INFO:Checking environment
2023-02-25 11:54:15,020:INFO:python_version: 3.9.12
2023-02-25 11:54:15,020:INFO:python_build: ('main', 'Apr  4 2022 05:22:27')
2023-02-25 11:54:15,020:INFO:machine: AMD64
2023-02-25 11:54:15,020:INFO:platform: Windows-10-10.0.22623-SP0
2023-02-25 11:54:15,020:INFO:Memory: svmem(total=8378363904, available=1810128896, percent=78.4, used=6568235008, free=1810128896)
2023-02-25 11:54:15,020:INFO:Physical Core: 4
2023-02-25 11:54:15,020:INFO:Logical Core: 8
2023-02-25 11:54:15,020:INFO:Checking libraries
2023-02-25 11:54:15,020:INFO:pd==1.4.2
2023-02-25 11:54:15,020:INFO:numpy==1.21.5
2023-02-25 11:54:15,020:INFO:sklearn==1.0.2
2023-02-25 11:54:15,084:INFO:xgboost==1.7.4
2023-02-25 11:54:15,084:INFO:lightgbm==3.3.5
2023-02-25 11:54:15,177:INFO:catboost==1.1.1
2023-02-25 11:54:16,309:INFO:mlflow==2.1.1
2023-02-25 11:54:16,309:INFO:Checking Exceptions
2023-02-25 12:08:42,286:INFO:PyCaret Supervised Module
2023-02-25 12:08:42,286:INFO:ML Usecase: regression
2023-02-25 12:08:42,286:INFO:version 2.2.2
2023-02-25 12:08:42,286:INFO:Initializing setup()
2023-02-25 12:08:42,286:INFO:setup(target=Chance of Admit , ml_usecase=regression, available_plots={'parameter': 'Hyperparameters', 'residuals': 'Residuals', 'error': 'Prediction Error', 'cooks': 'Cooks Distance', 'rfe': 'Feature Selection', 'learning': 'Learning Curve', 'manifold': 'Manifold Learning', 'vc': 'Validation Curve', 'feature': 'Feature Importance', 'feature_all': 'Feature Importance (All)', 'tree': 'Decision Tree'}, train_size=0.7, test_data=None, preprocess=True, imputation_type=simple, iterative_imputation_iters=5, categorical_features=None, categorical_imputation=constant, categorical_iterative_imputer=lightgbm, ordinal_features=None, high_cardinality_features=None, high_cardinality_method=frequency, numeric_features=None, numeric_imputation=mean, numeric_iterative_imputer=lightgbm, date_features=None, ignore_features=None, normalize=False, normalize_method=zscore, transformation=False, transformation_method=yeo-johnson, handle_unknown_categorical=True, unknown_categorical_method=least_frequent, pca=False, pca_method=linear, pca_components=None, ignore_low_variance=False, combine_rare_levels=False, rare_level_threshold=0.1, bin_numeric_features=None, remove_outliers=False, outliers_threshold=0.05, remove_multicollinearity=False, multicollinearity_threshold=0.9, remove_perfect_collinearity=True, create_clusters=False, cluster_iter=20, polynomial_features=False, polynomial_degree=2, trigonometry_features=False, polynomial_threshold=0.1, group_features=None, group_names=None, feature_selection=False, feature_selection_threshold=0.8, feature_selection_method=classic, feature_interaction=False, feature_ratio=False, interaction_threshold=0.01, fix_imbalance=False, fix_imbalance_method=None, transform_target=False, transform_target_method=box-cox, data_split_shuffle=True, data_split_stratify=False, fold_strategy=kfold, fold=10, fold_shuffle=False, fold_groups=None, n_jobs=-1, use_gpu=False, custom_pipeline=None, html=True, session_id=123, log_experiment=False, experiment_name=None, log_plots=False, log_profile=False, log_data=False, silent=False, verbose=True, profile=False, profile_kwargs=None, display=None)
2023-02-25 12:08:42,287:INFO:Checking environment
2023-02-25 12:08:42,287:INFO:python_version: 3.9.12
2023-02-25 12:08:42,287:INFO:python_build: ('main', 'Apr  4 2022 05:22:27')
2023-02-25 12:08:42,287:INFO:machine: AMD64
2023-02-25 12:08:42,287:INFO:platform: Windows-10-10.0.22623-SP0
2023-02-25 12:08:42,287:INFO:Memory: svmem(total=8378363904, available=1820246016, percent=78.3, used=6558117888, free=1820246016)
2023-02-25 12:08:42,287:INFO:Physical Core: 4
2023-02-25 12:08:42,287:INFO:Logical Core: 8
2023-02-25 12:08:42,287:INFO:Checking libraries
2023-02-25 12:08:42,287:INFO:pd==1.4.2
2023-02-25 12:08:42,288:INFO:numpy==1.21.5
2023-02-25 12:08:42,288:INFO:sklearn==1.0.2
2023-02-25 12:08:42,288:INFO:xgboost==1.7.4
2023-02-25 12:08:42,288:INFO:lightgbm==3.3.5
2023-02-25 12:08:42,288:INFO:catboost==1.1.1
2023-02-25 12:08:42,288:INFO:mlflow==2.1.1
2023-02-25 12:08:42,288:INFO:Checking Exceptions
2023-02-25 12:08:42,290:INFO:Declaring global variables
2023-02-25 12:08:42,290:INFO:USI: 08c4
2023-02-25 12:08:42,290:INFO:pycaret_globals: {'X_train', 'USI', 'y_test', 'fold_generator', 'fix_imbalance_param', 'prep_pipe', 'gpu_param', 'iterative_imputation_iters_param', '_all_models_internal', 'stratify_param', 'logging_param', 'y_train', 'n_jobs_param', 'pycaret_globals', 'html_param', 'create_model_container', 'X', 'y', 'data_before_preprocess', 'experiment__', '_all_metrics', 'X_test', '_available_plots', 'transform_target_param', '_all_models', 'transform_target_method_param', 'imputation_classifier', '_internal_pipeline', 'fix_imbalance_method_param', 'target_param', '_gpu_n_jobs_param', 'seed', 'fold_groups_param', 'fold_shuffle_param', 'imputation_regressor', '_ml_usecase', 'display_container', 'master_model_container', 'exp_name_log', 'fold_param', 'log_plots_param'}
2023-02-25 12:08:42,290:INFO:Preparing display monitor
2023-02-25 12:08:42,290:INFO:Preparing display monitor
2023-02-25 12:08:42,308:INFO:Importing libraries
2023-02-25 12:08:42,308:INFO:Copying data for preprocessing
2023-02-25 12:08:42,317:INFO:Declaring preprocessing parameters
2023-02-25 12:08:42,318:INFO:Creating preprocessing pipeline
2023-02-25 12:08:42,324:INFO:Preprocessing pipeline created successfully
2023-02-25 12:08:42,324:ERROR:(Process Exit): setup has been interupted with user command 'quit'. setup must rerun.
2023-02-25 12:08:42,324:INFO:Creating global containers
2023-02-25 12:10:32,143:INFO:PyCaret Supervised Module
2023-02-25 12:10:32,143:INFO:ML Usecase: regression
2023-02-25 12:10:32,143:INFO:version 2.2.2
2023-02-25 12:10:32,143:INFO:Initializing setup()
2023-02-25 12:10:32,143:INFO:setup(target=Chance of Admit , ml_usecase=regression, available_plots={'parameter': 'Hyperparameters', 'residuals': 'Residuals', 'error': 'Prediction Error', 'cooks': 'Cooks Distance', 'rfe': 'Feature Selection', 'learning': 'Learning Curve', 'manifold': 'Manifold Learning', 'vc': 'Validation Curve', 'feature': 'Feature Importance', 'feature_all': 'Feature Importance (All)', 'tree': 'Decision Tree'}, train_size=0.7, test_data=None, preprocess=True, imputation_type=simple, iterative_imputation_iters=5, categorical_features=None, categorical_imputation=constant, categorical_iterative_imputer=lightgbm, ordinal_features=None, high_cardinality_features=None, high_cardinality_method=frequency, numeric_features=None, numeric_imputation=mean, numeric_iterative_imputer=lightgbm, date_features=None, ignore_features=None, normalize=False, normalize_method=zscore, transformation=False, transformation_method=yeo-johnson, handle_unknown_categorical=True, unknown_categorical_method=least_frequent, pca=False, pca_method=linear, pca_components=None, ignore_low_variance=False, combine_rare_levels=False, rare_level_threshold=0.1, bin_numeric_features=None, remove_outliers=False, outliers_threshold=0.05, remove_multicollinearity=False, multicollinearity_threshold=0.9, remove_perfect_collinearity=True, create_clusters=False, cluster_iter=20, polynomial_features=False, polynomial_degree=2, trigonometry_features=False, polynomial_threshold=0.1, group_features=None, group_names=None, feature_selection=False, feature_selection_threshold=0.8, feature_selection_method=classic, feature_interaction=False, feature_ratio=False, interaction_threshold=0.01, fix_imbalance=False, fix_imbalance_method=None, transform_target=False, transform_target_method=box-cox, data_split_shuffle=True, data_split_stratify=False, fold_strategy=kfold, fold=10, fold_shuffle=False, fold_groups=None, n_jobs=-1, use_gpu=False, custom_pipeline=None, html=True, session_id=123, log_experiment=False, experiment_name=None, log_plots=False, log_profile=False, log_data=False, silent=False, verbose=True, profile=False, profile_kwargs=None, display=None)
2023-02-25 12:10:32,143:INFO:Checking environment
2023-02-25 12:10:32,143:INFO:python_version: 3.9.12
2023-02-25 12:10:32,143:INFO:python_build: ('main', 'Apr  4 2022 05:22:27')
2023-02-25 12:10:32,143:INFO:machine: AMD64
2023-02-25 12:10:32,143:INFO:platform: Windows-10-10.0.22623-SP0
2023-02-25 12:10:32,143:INFO:Memory: svmem(total=8378363904, available=1823182848, percent=78.2, used=6555181056, free=1823182848)
2023-02-25 12:10:32,143:INFO:Physical Core: 4
2023-02-25 12:10:32,143:INFO:Logical Core: 8
2023-02-25 12:10:32,143:INFO:Checking libraries
2023-02-25 12:10:32,143:INFO:pd==1.4.2
2023-02-25 12:10:32,143:INFO:numpy==1.21.5
2023-02-25 12:10:32,143:INFO:sklearn==1.0.2
2023-02-25 12:10:32,143:INFO:xgboost==1.7.4
2023-02-25 12:10:32,143:INFO:lightgbm==3.3.5
2023-02-25 12:10:32,143:INFO:catboost==1.1.1
2023-02-25 12:10:32,143:INFO:mlflow==2.1.1
2023-02-25 12:10:32,143:INFO:Checking Exceptions
2023-02-25 12:10:32,143:INFO:Declaring global variables
2023-02-25 12:10:32,143:INFO:USI: 817a
2023-02-25 12:10:32,143:INFO:pycaret_globals: {'X_train', 'USI', 'y_test', 'fold_generator', 'fix_imbalance_param', 'prep_pipe', 'gpu_param', 'iterative_imputation_iters_param', '_all_models_internal', 'stratify_param', 'logging_param', 'y_train', 'n_jobs_param', 'pycaret_globals', 'html_param', 'create_model_container', 'X', 'y', 'data_before_preprocess', 'experiment__', '_all_metrics', 'X_test', '_available_plots', 'transform_target_param', '_all_models', 'transform_target_method_param', 'imputation_classifier', '_internal_pipeline', 'fix_imbalance_method_param', 'target_param', '_gpu_n_jobs_param', 'seed', 'fold_groups_param', 'fold_shuffle_param', 'imputation_regressor', '_ml_usecase', 'display_container', 'master_model_container', 'exp_name_log', 'fold_param', 'log_plots_param'}
2023-02-25 12:10:32,143:INFO:Preparing display monitor
2023-02-25 12:10:32,143:INFO:Preparing display monitor
2023-02-25 12:10:32,165:INFO:Importing libraries
2023-02-25 12:10:32,165:INFO:Copying data for preprocessing
2023-02-25 12:10:32,179:INFO:Declaring preprocessing parameters
2023-02-25 12:10:32,181:INFO:Creating preprocessing pipeline
2023-02-25 12:10:32,187:INFO:Preprocessing pipeline created successfully
2023-02-25 12:10:32,188:ERROR:(Process Exit): setup has been interupted with user command 'quit'. setup must rerun.
2023-02-25 12:10:32,188:INFO:Creating global containers
2023-02-25 12:13:23,569:INFO:PyCaret Supervised Module
2023-02-25 12:13:23,569:INFO:ML Usecase: regression
2023-02-25 12:13:23,569:INFO:version 2.2.2
2023-02-25 12:13:23,569:INFO:Initializing setup()
2023-02-25 12:13:23,569:INFO:setup(target=Chance of Admit , ml_usecase=regression, available_plots={'parameter': 'Hyperparameters', 'residuals': 'Residuals', 'error': 'Prediction Error', 'cooks': 'Cooks Distance', 'rfe': 'Feature Selection', 'learning': 'Learning Curve', 'manifold': 'Manifold Learning', 'vc': 'Validation Curve', 'feature': 'Feature Importance', 'feature_all': 'Feature Importance (All)', 'tree': 'Decision Tree'}, train_size=0.7, test_data=None, preprocess=True, imputation_type=simple, iterative_imputation_iters=5, categorical_features=None, categorical_imputation=constant, categorical_iterative_imputer=lightgbm, ordinal_features=None, high_cardinality_features=None, high_cardinality_method=frequency, numeric_features=None, numeric_imputation=mean, numeric_iterative_imputer=lightgbm, date_features=None, ignore_features=None, normalize=False, normalize_method=zscore, transformation=False, transformation_method=yeo-johnson, handle_unknown_categorical=True, unknown_categorical_method=least_frequent, pca=False, pca_method=linear, pca_components=None, ignore_low_variance=False, combine_rare_levels=False, rare_level_threshold=0.1, bin_numeric_features=None, remove_outliers=False, outliers_threshold=0.05, remove_multicollinearity=False, multicollinearity_threshold=0.9, remove_perfect_collinearity=True, create_clusters=False, cluster_iter=20, polynomial_features=False, polynomial_degree=2, trigonometry_features=False, polynomial_threshold=0.1, group_features=None, group_names=None, feature_selection=False, feature_selection_threshold=0.8, feature_selection_method=classic, feature_interaction=False, feature_ratio=False, interaction_threshold=0.01, fix_imbalance=False, fix_imbalance_method=None, transform_target=False, transform_target_method=box-cox, data_split_shuffle=True, data_split_stratify=False, fold_strategy=kfold, fold=10, fold_shuffle=False, fold_groups=None, n_jobs=-1, use_gpu=False, custom_pipeline=None, html=True, session_id=123, log_experiment=False, experiment_name=None, log_plots=False, log_profile=False, log_data=False, silent=False, verbose=True, profile=False, profile_kwargs=None, display=None)
2023-02-25 12:13:23,569:INFO:Checking environment
2023-02-25 12:13:23,569:INFO:python_version: 3.9.12
2023-02-25 12:13:23,569:INFO:python_build: ('main', 'Apr  4 2022 05:22:27')
2023-02-25 12:13:23,569:INFO:machine: AMD64
2023-02-25 12:13:23,570:INFO:platform: Windows-10-10.0.22623-SP0
2023-02-25 12:13:23,570:INFO:Memory: svmem(total=8378363904, available=1872252928, percent=77.7, used=6506110976, free=1872252928)
2023-02-25 12:13:23,570:INFO:Physical Core: 4
2023-02-25 12:13:23,570:INFO:Logical Core: 8
2023-02-25 12:13:23,570:INFO:Checking libraries
2023-02-25 12:13:23,570:INFO:pd==1.4.2
2023-02-25 12:13:23,570:INFO:numpy==1.21.5
2023-02-25 12:13:23,570:INFO:sklearn==1.0.2
2023-02-25 12:13:23,570:INFO:xgboost==1.7.4
2023-02-25 12:13:23,570:INFO:lightgbm==3.3.5
2023-02-25 12:13:23,570:INFO:catboost==1.1.1
2023-02-25 12:13:23,571:INFO:mlflow==2.1.1
2023-02-25 12:13:23,571:INFO:Checking Exceptions
2023-02-25 12:13:23,571:INFO:Declaring global variables
2023-02-25 12:13:23,571:INFO:USI: 985c
2023-02-25 12:13:23,571:INFO:pycaret_globals: {'X_train', 'USI', 'y_test', 'fold_generator', 'fix_imbalance_param', 'prep_pipe', 'gpu_param', 'iterative_imputation_iters_param', '_all_models_internal', 'stratify_param', 'logging_param', 'y_train', 'n_jobs_param', 'pycaret_globals', 'html_param', 'create_model_container', 'X', 'y', 'data_before_preprocess', 'experiment__', '_all_metrics', 'X_test', '_available_plots', 'transform_target_param', '_all_models', 'transform_target_method_param', 'imputation_classifier', '_internal_pipeline', 'fix_imbalance_method_param', 'target_param', '_gpu_n_jobs_param', 'seed', 'fold_groups_param', 'fold_shuffle_param', 'imputation_regressor', '_ml_usecase', 'display_container', 'master_model_container', 'exp_name_log', 'fold_param', 'log_plots_param'}
2023-02-25 12:13:23,571:INFO:Preparing display monitor
2023-02-25 12:13:23,571:INFO:Preparing display monitor
2023-02-25 12:13:23,587:INFO:Importing libraries
2023-02-25 12:13:23,587:INFO:Copying data for preprocessing
2023-02-25 12:13:23,596:INFO:Declaring preprocessing parameters
2023-02-25 12:13:23,597:INFO:Creating preprocessing pipeline
2023-02-25 12:13:23,602:INFO:Preprocessing pipeline created successfully
2023-02-25 12:13:23,603:ERROR:(Process Exit): setup has been interupted with user command 'quit'. setup must rerun.
2023-02-25 12:13:23,603:INFO:Creating global containers
2023-02-25 12:46:08,476:INFO:PyCaret Supervised Module
2023-02-25 12:46:08,476:INFO:ML Usecase: regression
2023-02-25 12:46:08,476:INFO:version 2.2.2
2023-02-25 12:46:08,476:INFO:Initializing setup()
2023-02-25 12:46:08,476:INFO:setup(target=Chance of Admit , ml_usecase=regression, available_plots={'parameter': 'Hyperparameters', 'residuals': 'Residuals', 'error': 'Prediction Error', 'cooks': 'Cooks Distance', 'rfe': 'Feature Selection', 'learning': 'Learning Curve', 'manifold': 'Manifold Learning', 'vc': 'Validation Curve', 'feature': 'Feature Importance', 'feature_all': 'Feature Importance (All)', 'tree': 'Decision Tree'}, train_size=0.8, test_data=None, preprocess=True, imputation_type=simple, iterative_imputation_iters=5, categorical_features=None, categorical_imputation=constant, categorical_iterative_imputer=lightgbm, ordinal_features=None, high_cardinality_features=None, high_cardinality_method=frequency, numeric_features=None, numeric_imputation=mean, numeric_iterative_imputer=lightgbm, date_features=None, ignore_features=None, normalize=False, normalize_method=zscore, transformation=False, transformation_method=yeo-johnson, handle_unknown_categorical=True, unknown_categorical_method=least_frequent, pca=False, pca_method=linear, pca_components=None, ignore_low_variance=False, combine_rare_levels=False, rare_level_threshold=0.1, bin_numeric_features=None, remove_outliers=False, outliers_threshold=0.05, remove_multicollinearity=False, multicollinearity_threshold=0.9, remove_perfect_collinearity=True, create_clusters=False, cluster_iter=20, polynomial_features=False, polynomial_degree=2, trigonometry_features=False, polynomial_threshold=0.1, group_features=None, group_names=None, feature_selection=False, feature_selection_threshold=0.8, feature_selection_method=classic, feature_interaction=False, feature_ratio=False, interaction_threshold=0.01, fix_imbalance=False, fix_imbalance_method=None, transform_target=False, transform_target_method=box-cox, data_split_shuffle=True, data_split_stratify=False, fold_strategy=kfold, fold=10, fold_shuffle=False, fold_groups=None, n_jobs=-1, use_gpu=False, custom_pipeline=None, html=True, session_id=123, log_experiment=False, experiment_name=None, log_plots=False, log_profile=False, log_data=False, silent=False, verbose=True, profile=False, profile_kwargs=None, display=None)
2023-02-25 12:46:08,476:INFO:Checking environment
2023-02-25 12:46:08,476:INFO:python_version: 3.9.12
2023-02-25 12:46:08,476:INFO:python_build: ('main', 'Apr  4 2022 05:22:27')
2023-02-25 12:46:08,476:INFO:machine: AMD64
2023-02-25 12:46:08,476:INFO:platform: Windows-10-10.0.22623-SP0
2023-02-25 12:46:08,476:INFO:Memory: svmem(total=8378363904, available=1901314048, percent=77.3, used=6477049856, free=1901314048)
2023-02-25 12:46:08,476:INFO:Physical Core: 4
2023-02-25 12:46:08,476:INFO:Logical Core: 8
2023-02-25 12:46:08,476:INFO:Checking libraries
2023-02-25 12:46:08,476:INFO:pd==1.4.2
2023-02-25 12:46:08,476:INFO:numpy==1.21.5
2023-02-25 12:46:08,476:INFO:sklearn==1.0.2
2023-02-25 12:46:08,476:INFO:xgboost==1.7.4
2023-02-25 12:46:08,476:INFO:lightgbm==3.3.5
2023-02-25 12:46:08,476:INFO:catboost==1.1.1
2023-02-25 12:46:08,476:INFO:mlflow==2.1.1
2023-02-25 12:46:08,476:INFO:Checking Exceptions
2023-02-25 12:46:08,476:INFO:Declaring global variables
2023-02-25 12:46:08,476:INFO:USI: 488a
2023-02-25 12:46:08,476:INFO:pycaret_globals: {'X_train', 'USI', 'y_test', 'fold_generator', 'fix_imbalance_param', 'prep_pipe', 'gpu_param', 'iterative_imputation_iters_param', '_all_models_internal', 'stratify_param', 'logging_param', 'y_train', 'n_jobs_param', 'pycaret_globals', 'html_param', 'create_model_container', 'X', 'y', 'data_before_preprocess', 'experiment__', '_all_metrics', 'X_test', '_available_plots', 'transform_target_param', '_all_models', 'transform_target_method_param', 'imputation_classifier', '_internal_pipeline', 'fix_imbalance_method_param', 'target_param', '_gpu_n_jobs_param', 'seed', 'fold_groups_param', 'fold_shuffle_param', 'imputation_regressor', '_ml_usecase', 'display_container', 'master_model_container', 'exp_name_log', 'fold_param', 'log_plots_param'}
2023-02-25 12:46:08,476:INFO:Preparing display monitor
2023-02-25 12:46:08,476:INFO:Preparing display monitor
2023-02-25 12:46:08,492:INFO:Importing libraries
2023-02-25 12:46:08,492:INFO:Copying data for preprocessing
2023-02-25 12:46:08,500:INFO:Declaring preprocessing parameters
2023-02-25 12:46:08,500:INFO:Creating preprocessing pipeline
2023-02-25 12:46:08,500:INFO:Preprocessing pipeline created successfully
2023-02-25 12:46:08,500:ERROR:(Process Exit): setup has been interupted with user command 'quit'. setup must rerun.
2023-02-25 12:46:08,500:INFO:Creating global containers
