2023-02-24 08:50:18,154:INFO:PyCaret Supervised Module
2023-02-24 08:50:18,154:INFO:ML Usecase: classification
2023-02-24 08:50:18,154:INFO:version 2.2.2
2023-02-24 08:50:18,154:INFO:Initializing setup()
2023-02-24 08:50:18,154:INFO:setup(target=deposit, ml_usecase=classification, available_plots={'parameter': 'Hyperparameters', 'auc': 'AUC', 'confusion_matrix': 'Confusion Matrix', 'threshold': 'Threshold', 'pr': 'Precision Recall', 'error': 'Prediction Error', 'class_report': 'Class Report', 'rfe': 'Feature Selection', 'learning': 'Learning Curve', 'manifold': 'Manifold Learning', 'calibration': 'Calibration Curve', 'vc': 'Validation Curve', 'dimension': 'Dimensions', 'feature': 'Feature Importance', 'feature_all': 'Feature Importance (All)', 'boundary': 'Decision Boundary', 'lift': 'Lift Chart', 'gain': 'Gain Chart', 'tree': 'Decision Tree'}, train_size=0.7, test_data=None, preprocess=True, imputation_type=simple, iterative_imputation_iters=5, categorical_features=None, categorical_imputation=constant, categorical_iterative_imputer=lightgbm, ordinal_features=None, high_cardinality_features=None, high_cardinality_method=frequency, numeric_features=None, numeric_imputation=mean, numeric_iterative_imputer=lightgbm, date_features=None, ignore_features=None, normalize=False, normalize_method=zscore, transformation=False, transformation_method=yeo-johnson, handle_unknown_categorical=True, unknown_categorical_method=least_frequent, pca=False, pca_method=linear, pca_components=None, ignore_low_variance=False, combine_rare_levels=False, rare_level_threshold=0.1, bin_numeric_features=None, remove_outliers=False, outliers_threshold=0.05, remove_multicollinearity=False, multicollinearity_threshold=0.9, remove_perfect_collinearity=True, create_clusters=False, cluster_iter=20, polynomial_features=False, polynomial_degree=2, trigonometry_features=False, polynomial_threshold=0.1, group_features=None, group_names=None, feature_selection=False, feature_selection_threshold=0.8, feature_selection_method=classic, feature_interaction=False, feature_ratio=False, interaction_threshold=0.01, fix_imbalance=False, fix_imbalance_method=None, transform_target=False, transform_target_method=box-cox, data_split_shuffle=True, data_split_stratify=False, fold_strategy=stratifiedkfold, fold=10, fold_shuffle=False, fold_groups=None, n_jobs=-1, use_gpu=False, custom_pipeline=None, html=True, session_id=None, log_experiment=False, experiment_name=None, log_plots=False, log_profile=False, log_data=False, silent=False, verbose=True, profile=False, profile_kwargs=None, display=None)
2023-02-24 08:50:18,154:INFO:Checking environment
2023-02-24 08:50:18,154:INFO:python_version: 3.9.12
2023-02-24 08:50:18,154:INFO:python_build: ('main', 'Apr  4 2022 05:22:27')
2023-02-24 08:50:18,154:INFO:machine: AMD64
2023-02-24 08:50:18,154:INFO:platform: Windows-10-10.0.22623-SP0
2023-02-24 08:50:18,154:INFO:Memory: svmem(total=8378363904, available=1575419904, percent=81.2, used=6802944000, free=1575419904)
2023-02-24 08:50:18,154:INFO:Physical Core: 4
2023-02-24 08:50:18,154:INFO:Logical Core: 8
2023-02-24 08:50:18,154:INFO:Checking libraries
2023-02-24 08:50:18,154:INFO:pd==1.4.2
2023-02-24 08:50:18,154:INFO:numpy==1.21.5
2023-02-24 08:50:18,154:INFO:sklearn==1.0.2
2023-02-24 08:50:18,170:INFO:xgboost==1.7.4
2023-02-24 08:50:18,170:INFO:lightgbm==3.3.5
2023-02-24 08:50:18,201:INFO:catboost==1.1.1
2023-02-24 08:50:18,867:INFO:mlflow==2.1.1
2023-02-24 08:50:18,867:INFO:Checking Exceptions
2023-02-24 08:50:18,867:INFO:Declaring global variables
2023-02-24 08:50:18,867:INFO:USI: cad7
2023-02-24 08:50:18,867:INFO:pycaret_globals: {'_all_models', '_gpu_n_jobs_param', 'n_jobs_param', 'exp_name_log', 'fold_shuffle_param', 'y_test', 'X_test', 'USI', 'transform_target_method_param', 'fix_imbalance_method_param', 'iterative_imputation_iters_param', '_ml_usecase', 'fold_param', 'X_train', '_all_metrics', 'fold_generator', 'pycaret_globals', 'master_model_container', 'gpu_param', '_all_models_internal', 'seed', 'y', 'logging_param', 'imputation_classifier', 'log_plots_param', 'y_train', 'data_before_preprocess', 'prep_pipe', '_internal_pipeline', 'experiment__', 'fix_imbalance_param', 'stratify_param', 'target_param', 'X', '_available_plots', 'create_model_container', 'html_param', 'transform_target_param', 'fold_groups_param', 'display_container', 'imputation_regressor'}
2023-02-24 08:50:18,867:INFO:Preparing display monitor
2023-02-24 08:50:18,867:INFO:Preparing display monitor
2023-02-24 08:50:18,867:INFO:Importing libraries
2023-02-24 08:50:18,867:INFO:Copying data for preprocessing
2023-02-24 08:50:18,883:INFO:Declaring preprocessing parameters
2023-02-24 08:50:18,891:INFO:Creating preprocessing pipeline
2023-02-24 08:50:18,901:INFO:Preprocessing pipeline created successfully
2023-02-24 08:50:18,901:ERROR:(Process Exit): setup has been interupted with user command 'quit'. setup must rerun.
2023-02-24 08:50:18,901:INFO:Creating global containers
2023-02-24 08:52:13,676:INFO:PyCaret Supervised Module
2023-02-24 08:52:13,676:INFO:ML Usecase: classification
2023-02-24 08:52:13,676:INFO:version 2.2.2
2023-02-24 08:52:13,676:INFO:Initializing setup()
2023-02-24 08:52:13,676:INFO:setup(target=deposit, ml_usecase=classification, available_plots={'parameter': 'Hyperparameters', 'auc': 'AUC', 'confusion_matrix': 'Confusion Matrix', 'threshold': 'Threshold', 'pr': 'Precision Recall', 'error': 'Prediction Error', 'class_report': 'Class Report', 'rfe': 'Feature Selection', 'learning': 'Learning Curve', 'manifold': 'Manifold Learning', 'calibration': 'Calibration Curve', 'vc': 'Validation Curve', 'dimension': 'Dimensions', 'feature': 'Feature Importance', 'feature_all': 'Feature Importance (All)', 'boundary': 'Decision Boundary', 'lift': 'Lift Chart', 'gain': 'Gain Chart', 'tree': 'Decision Tree'}, train_size=0.7, test_data=None, preprocess=True, imputation_type=simple, iterative_imputation_iters=5, categorical_features=None, categorical_imputation=constant, categorical_iterative_imputer=lightgbm, ordinal_features=None, high_cardinality_features=None, high_cardinality_method=frequency, numeric_features=None, numeric_imputation=mean, numeric_iterative_imputer=lightgbm, date_features=None, ignore_features=None, normalize=False, normalize_method=zscore, transformation=False, transformation_method=yeo-johnson, handle_unknown_categorical=True, unknown_categorical_method=least_frequent, pca=False, pca_method=linear, pca_components=None, ignore_low_variance=False, combine_rare_levels=False, rare_level_threshold=0.1, bin_numeric_features=None, remove_outliers=False, outliers_threshold=0.05, remove_multicollinearity=False, multicollinearity_threshold=0.9, remove_perfect_collinearity=True, create_clusters=False, cluster_iter=20, polynomial_features=False, polynomial_degree=2, trigonometry_features=False, polynomial_threshold=0.1, group_features=None, group_names=None, feature_selection=False, feature_selection_threshold=0.8, feature_selection_method=classic, feature_interaction=False, feature_ratio=False, interaction_threshold=0.01, fix_imbalance=False, fix_imbalance_method=None, transform_target=False, transform_target_method=box-cox, data_split_shuffle=True, data_split_stratify=False, fold_strategy=stratifiedkfold, fold=10, fold_shuffle=False, fold_groups=None, n_jobs=-1, use_gpu=False, custom_pipeline=None, html=True, session_id=None, log_experiment=False, experiment_name=None, log_plots=False, log_profile=False, log_data=False, silent=False, verbose=True, profile=False, profile_kwargs=None, display=None)
2023-02-24 08:52:13,676:INFO:Checking environment
2023-02-24 08:52:13,676:INFO:python_version: 3.9.12
2023-02-24 08:52:13,676:INFO:python_build: ('main', 'Apr  4 2022 05:22:27')
2023-02-24 08:52:13,676:INFO:machine: AMD64
2023-02-24 08:52:13,676:INFO:platform: Windows-10-10.0.22623-SP0
2023-02-24 08:52:13,676:INFO:Memory: svmem(total=8378363904, available=1536516096, percent=81.7, used=6841847808, free=1536516096)
2023-02-24 08:52:13,676:INFO:Physical Core: 4
2023-02-24 08:52:13,676:INFO:Logical Core: 8
2023-02-24 08:52:13,676:INFO:Checking libraries
2023-02-24 08:52:13,676:INFO:pd==1.4.2
2023-02-24 08:52:13,676:INFO:numpy==1.21.5
2023-02-24 08:52:13,676:INFO:sklearn==1.0.2
2023-02-24 08:52:13,676:INFO:xgboost==1.7.4
2023-02-24 08:52:13,676:INFO:lightgbm==3.3.5
2023-02-24 08:52:13,676:INFO:catboost==1.1.1
2023-02-24 08:52:13,676:INFO:mlflow==2.1.1
2023-02-24 08:52:13,676:INFO:Checking Exceptions
2023-02-24 08:52:13,676:INFO:Declaring global variables
2023-02-24 08:52:13,676:INFO:USI: c898
2023-02-24 08:52:13,676:INFO:pycaret_globals: {'_all_models', '_gpu_n_jobs_param', 'n_jobs_param', 'exp_name_log', 'fold_shuffle_param', 'y_test', 'X_test', 'USI', 'transform_target_method_param', 'fix_imbalance_method_param', 'iterative_imputation_iters_param', '_ml_usecase', 'fold_param', 'X_train', '_all_metrics', 'fold_generator', 'pycaret_globals', 'master_model_container', 'gpu_param', '_all_models_internal', 'seed', 'y', 'logging_param', 'imputation_classifier', 'log_plots_param', 'y_train', 'data_before_preprocess', 'prep_pipe', '_internal_pipeline', 'experiment__', 'fix_imbalance_param', 'stratify_param', 'target_param', 'X', '_available_plots', 'create_model_container', 'html_param', 'transform_target_param', 'fold_groups_param', 'display_container', 'imputation_regressor'}
2023-02-24 08:52:13,676:INFO:Preparing display monitor
2023-02-24 08:52:13,676:INFO:Preparing display monitor
2023-02-24 08:52:13,692:INFO:Importing libraries
2023-02-24 08:52:13,692:INFO:Copying data for preprocessing
2023-02-24 08:52:13,700:INFO:Declaring preprocessing parameters
2023-02-24 08:52:13,700:INFO:Creating preprocessing pipeline
2023-02-24 08:52:13,712:INFO:Preprocessing pipeline created successfully
2023-02-24 08:52:13,712:ERROR:(Process Exit): setup has been interupted with user command 'quit'. setup must rerun.
2023-02-24 08:52:13,712:INFO:Creating global containers
2023-02-24 08:55:11,515:INFO:PyCaret Supervised Module
2023-02-24 08:55:11,515:INFO:ML Usecase: classification
2023-02-24 08:55:11,515:INFO:version 2.2.2
2023-02-24 08:55:11,515:INFO:Initializing setup()
2023-02-24 08:55:11,515:INFO:setup(target=0        yes
1        yes
2        yes
3        yes
4        yes
        ... 
11157     no
11158     no
11159     no
11160     no
11161     no
Name: deposit, Length: 11162, dtype: object, ml_usecase=classification, available_plots={'parameter': 'Hyperparameters', 'auc': 'AUC', 'confusion_matrix': 'Confusion Matrix', 'threshold': 'Threshold', 'pr': 'Precision Recall', 'error': 'Prediction Error', 'class_report': 'Class Report', 'rfe': 'Feature Selection', 'learning': 'Learning Curve', 'manifold': 'Manifold Learning', 'calibration': 'Calibration Curve', 'vc': 'Validation Curve', 'dimension': 'Dimensions', 'feature': 'Feature Importance', 'feature_all': 'Feature Importance (All)', 'boundary': 'Decision Boundary', 'lift': 'Lift Chart', 'gain': 'Gain Chart', 'tree': 'Decision Tree'}, train_size=0.7, test_data=None, preprocess=True, imputation_type=simple, iterative_imputation_iters=5, categorical_features=None, categorical_imputation=constant, categorical_iterative_imputer=lightgbm, ordinal_features=None, high_cardinality_features=None, high_cardinality_method=frequency, numeric_features=None, numeric_imputation=mean, numeric_iterative_imputer=lightgbm, date_features=None, ignore_features=None, normalize=False, normalize_method=zscore, transformation=False, transformation_method=yeo-johnson, handle_unknown_categorical=True, unknown_categorical_method=least_frequent, pca=False, pca_method=linear, pca_components=None, ignore_low_variance=False, combine_rare_levels=False, rare_level_threshold=0.1, bin_numeric_features=None, remove_outliers=False, outliers_threshold=0.05, remove_multicollinearity=False, multicollinearity_threshold=0.9, remove_perfect_collinearity=True, create_clusters=False, cluster_iter=20, polynomial_features=False, polynomial_degree=2, trigonometry_features=False, polynomial_threshold=0.1, group_features=None, group_names=None, feature_selection=False, feature_selection_threshold=0.8, feature_selection_method=classic, feature_interaction=False, feature_ratio=False, interaction_threshold=0.01, fix_imbalance=False, fix_imbalance_method=None, transform_target=False, transform_target_method=box-cox, data_split_shuffle=True, data_split_stratify=False, fold_strategy=stratifiedkfold, fold=10, fold_shuffle=False, fold_groups=None, n_jobs=-1, use_gpu=False, custom_pipeline=None, html=True, session_id=None, log_experiment=False, experiment_name=None, log_plots=False, log_profile=False, log_data=False, silent=False, verbose=True, profile=False, profile_kwargs=None, display=None)
2023-02-24 08:55:11,515:INFO:Checking environment
2023-02-24 08:55:11,515:INFO:python_version: 3.9.12
2023-02-24 08:55:11,515:INFO:python_build: ('main', 'Apr  4 2022 05:22:27')
2023-02-24 08:55:11,515:INFO:machine: AMD64
2023-02-24 08:55:11,515:INFO:platform: Windows-10-10.0.22623-SP0
2023-02-24 08:55:11,515:INFO:Memory: svmem(total=8378363904, available=1644408832, percent=80.4, used=6733955072, free=1644408832)
2023-02-24 08:55:11,515:INFO:Physical Core: 4
2023-02-24 08:55:11,515:INFO:Logical Core: 8
2023-02-24 08:55:11,515:INFO:Checking libraries
2023-02-24 08:55:11,515:INFO:pd==1.4.2
2023-02-24 08:55:11,515:INFO:numpy==1.21.5
2023-02-24 08:55:11,515:INFO:sklearn==1.0.2
2023-02-24 08:55:11,515:INFO:xgboost==1.7.4
2023-02-24 08:55:11,515:INFO:lightgbm==3.3.5
2023-02-24 08:55:11,515:INFO:catboost==1.1.1
2023-02-24 08:55:11,515:INFO:mlflow==2.1.1
2023-02-24 08:55:11,515:INFO:Checking Exceptions
2023-02-24 08:55:25,373:INFO:PyCaret Supervised Module
2023-02-24 08:55:25,373:INFO:ML Usecase: classification
2023-02-24 08:55:25,373:INFO:version 2.2.2
2023-02-24 08:55:25,373:INFO:Initializing setup()
2023-02-24 08:55:25,373:INFO:setup(target=deposit, ml_usecase=classification, available_plots={'parameter': 'Hyperparameters', 'auc': 'AUC', 'confusion_matrix': 'Confusion Matrix', 'threshold': 'Threshold', 'pr': 'Precision Recall', 'error': 'Prediction Error', 'class_report': 'Class Report', 'rfe': 'Feature Selection', 'learning': 'Learning Curve', 'manifold': 'Manifold Learning', 'calibration': 'Calibration Curve', 'vc': 'Validation Curve', 'dimension': 'Dimensions', 'feature': 'Feature Importance', 'feature_all': 'Feature Importance (All)', 'boundary': 'Decision Boundary', 'lift': 'Lift Chart', 'gain': 'Gain Chart', 'tree': 'Decision Tree'}, train_size=0.7, test_data=None, preprocess=True, imputation_type=simple, iterative_imputation_iters=5, categorical_features=None, categorical_imputation=constant, categorical_iterative_imputer=lightgbm, ordinal_features=None, high_cardinality_features=None, high_cardinality_method=frequency, numeric_features=None, numeric_imputation=mean, numeric_iterative_imputer=lightgbm, date_features=None, ignore_features=None, normalize=False, normalize_method=zscore, transformation=False, transformation_method=yeo-johnson, handle_unknown_categorical=True, unknown_categorical_method=least_frequent, pca=False, pca_method=linear, pca_components=None, ignore_low_variance=False, combine_rare_levels=False, rare_level_threshold=0.1, bin_numeric_features=None, remove_outliers=False, outliers_threshold=0.05, remove_multicollinearity=False, multicollinearity_threshold=0.9, remove_perfect_collinearity=True, create_clusters=False, cluster_iter=20, polynomial_features=False, polynomial_degree=2, trigonometry_features=False, polynomial_threshold=0.1, group_features=None, group_names=None, feature_selection=False, feature_selection_threshold=0.8, feature_selection_method=classic, feature_interaction=False, feature_ratio=False, interaction_threshold=0.01, fix_imbalance=False, fix_imbalance_method=None, transform_target=False, transform_target_method=box-cox, data_split_shuffle=True, data_split_stratify=False, fold_strategy=stratifiedkfold, fold=10, fold_shuffle=False, fold_groups=None, n_jobs=-1, use_gpu=False, custom_pipeline=None, html=True, session_id=None, log_experiment=False, experiment_name=None, log_plots=False, log_profile=False, log_data=False, silent=False, verbose=True, profile=False, profile_kwargs=None, display=None)
2023-02-24 08:55:25,373:INFO:Checking environment
2023-02-24 08:55:25,373:INFO:python_version: 3.9.12
2023-02-24 08:55:25,373:INFO:python_build: ('main', 'Apr  4 2022 05:22:27')
2023-02-24 08:55:25,373:INFO:machine: AMD64
2023-02-24 08:55:25,373:INFO:platform: Windows-10-10.0.22623-SP0
2023-02-24 08:55:25,373:INFO:Memory: svmem(total=8378363904, available=1724481536, percent=79.4, used=6653882368, free=1724481536)
2023-02-24 08:55:25,373:INFO:Physical Core: 4
2023-02-24 08:55:25,373:INFO:Logical Core: 8
2023-02-24 08:55:25,373:INFO:Checking libraries
2023-02-24 08:55:25,373:INFO:pd==1.4.2
2023-02-24 08:55:25,373:INFO:numpy==1.21.5
2023-02-24 08:55:25,373:INFO:sklearn==1.0.2
2023-02-24 08:55:25,373:INFO:xgboost==1.7.4
2023-02-24 08:55:25,373:INFO:lightgbm==3.3.5
2023-02-24 08:55:25,373:INFO:catboost==1.1.1
2023-02-24 08:55:25,373:INFO:mlflow==2.1.1
2023-02-24 08:55:25,373:INFO:Checking Exceptions
2023-02-24 08:55:25,373:INFO:Declaring global variables
2023-02-24 08:55:25,373:INFO:USI: 15ed
2023-02-24 08:55:25,373:INFO:pycaret_globals: {'_all_models', '_gpu_n_jobs_param', 'n_jobs_param', 'exp_name_log', 'fold_shuffle_param', 'y_test', 'X_test', 'USI', 'transform_target_method_param', 'fix_imbalance_method_param', 'iterative_imputation_iters_param', '_ml_usecase', 'fold_param', 'X_train', '_all_metrics', 'fold_generator', 'pycaret_globals', 'master_model_container', 'gpu_param', '_all_models_internal', 'seed', 'y', 'logging_param', 'imputation_classifier', 'log_plots_param', 'y_train', 'data_before_preprocess', 'prep_pipe', '_internal_pipeline', 'experiment__', 'fix_imbalance_param', 'stratify_param', 'target_param', 'X', '_available_plots', 'create_model_container', 'html_param', 'transform_target_param', 'fold_groups_param', 'display_container', 'imputation_regressor'}
2023-02-24 08:55:25,373:INFO:Preparing display monitor
2023-02-24 08:55:25,373:INFO:Preparing display monitor
2023-02-24 08:55:25,381:INFO:Importing libraries
2023-02-24 08:55:25,381:INFO:Copying data for preprocessing
2023-02-24 08:55:25,389:INFO:Declaring preprocessing parameters
2023-02-24 08:55:25,397:INFO:Creating preprocessing pipeline
2023-02-24 08:55:25,405:INFO:Preprocessing pipeline created successfully
2023-02-24 08:55:25,405:ERROR:(Process Exit): setup has been interupted with user command 'quit'. setup must rerun.
2023-02-24 08:55:25,405:INFO:Creating global containers
2023-02-24 09:00:32,175:INFO:PyCaret Supervised Module
2023-02-24 09:00:32,175:INFO:ML Usecase: classification
2023-02-24 09:00:32,175:INFO:version 2.2.2
2023-02-24 09:00:32,175:INFO:Initializing setup()
2023-02-24 09:00:32,175:INFO:setup(target=deposit, ml_usecase=classification, available_plots={'parameter': 'Hyperparameters', 'auc': 'AUC', 'confusion_matrix': 'Confusion Matrix', 'threshold': 'Threshold', 'pr': 'Precision Recall', 'error': 'Prediction Error', 'class_report': 'Class Report', 'rfe': 'Feature Selection', 'learning': 'Learning Curve', 'manifold': 'Manifold Learning', 'calibration': 'Calibration Curve', 'vc': 'Validation Curve', 'dimension': 'Dimensions', 'feature': 'Feature Importance', 'feature_all': 'Feature Importance (All)', 'boundary': 'Decision Boundary', 'lift': 'Lift Chart', 'gain': 'Gain Chart', 'tree': 'Decision Tree'}, train_size=0.7, test_data=None, preprocess=True, imputation_type=simple, iterative_imputation_iters=5, categorical_features=None, categorical_imputation=constant, categorical_iterative_imputer=lightgbm, ordinal_features=None, high_cardinality_features=None, high_cardinality_method=frequency, numeric_features=None, numeric_imputation=mean, numeric_iterative_imputer=lightgbm, date_features=None, ignore_features=None, normalize=False, normalize_method=zscore, transformation=False, transformation_method=yeo-johnson, handle_unknown_categorical=True, unknown_categorical_method=least_frequent, pca=False, pca_method=linear, pca_components=None, ignore_low_variance=False, combine_rare_levels=False, rare_level_threshold=0.1, bin_numeric_features=None, remove_outliers=False, outliers_threshold=0.05, remove_multicollinearity=False, multicollinearity_threshold=0.9, remove_perfect_collinearity=True, create_clusters=False, cluster_iter=20, polynomial_features=False, polynomial_degree=2, trigonometry_features=False, polynomial_threshold=0.1, group_features=None, group_names=None, feature_selection=False, feature_selection_threshold=0.8, feature_selection_method=classic, feature_interaction=False, feature_ratio=False, interaction_threshold=0.01, fix_imbalance=False, fix_imbalance_method=None, transform_target=False, transform_target_method=box-cox, data_split_shuffle=True, data_split_stratify=False, fold_strategy=stratifiedkfold, fold=10, fold_shuffle=False, fold_groups=None, n_jobs=-1, use_gpu=False, custom_pipeline=None, html=True, session_id=None, log_experiment=False, experiment_name=None, log_plots=False, log_profile=False, log_data=False, silent=False, verbose=True, profile=False, profile_kwargs=None, display=None)
2023-02-24 09:00:32,175:INFO:Checking environment
2023-02-24 09:00:32,175:INFO:python_version: 3.9.12
2023-02-24 09:00:32,175:INFO:python_build: ('main', 'Apr  4 2022 05:22:27')
2023-02-24 09:00:32,175:INFO:machine: AMD64
2023-02-24 09:00:32,175:INFO:platform: Windows-10-10.0.22623-SP0
2023-02-24 09:00:32,175:INFO:Memory: svmem(total=8378363904, available=2007183360, percent=76.0, used=6371180544, free=2007183360)
2023-02-24 09:00:32,175:INFO:Physical Core: 4
2023-02-24 09:00:32,175:INFO:Logical Core: 8
2023-02-24 09:00:32,175:INFO:Checking libraries
2023-02-24 09:00:32,175:INFO:pd==1.4.2
2023-02-24 09:00:32,175:INFO:numpy==1.21.5
2023-02-24 09:00:32,175:INFO:sklearn==1.0.2
2023-02-24 09:00:32,199:INFO:xgboost==1.7.4
2023-02-24 09:00:32,199:INFO:lightgbm==3.3.5
2023-02-24 09:00:32,215:INFO:catboost==1.1.1
2023-02-24 09:00:32,847:INFO:mlflow==2.1.1
2023-02-24 09:00:32,847:INFO:Checking Exceptions
2023-02-24 09:00:32,847:INFO:Declaring global variables
2023-02-24 09:00:32,847:INFO:USI: 36ee
2023-02-24 09:00:32,847:INFO:pycaret_globals: {'master_model_container', 'USI', 'experiment__', 'html_param', 'y', 'data_before_preprocess', 'logging_param', 'prep_pipe', 'transform_target_param', 'gpu_param', 'y_train', '_all_models_internal', 'fold_generator', 'create_model_container', 'X_test', '_all_metrics', 'fix_imbalance_method_param', 'stratify_param', '_available_plots', 'target_param', 'fix_imbalance_param', '_gpu_n_jobs_param', 'log_plots_param', 'fold_param', 'fold_shuffle_param', 'fold_groups_param', 'display_container', 'pycaret_globals', 'seed', 'transform_target_method_param', 'X_train', '_all_models', 'n_jobs_param', '_internal_pipeline', 'imputation_regressor', 'imputation_classifier', 'iterative_imputation_iters_param', 'exp_name_log', 'X', 'y_test', '_ml_usecase'}
2023-02-24 09:00:32,847:INFO:Preparing display monitor
2023-02-24 09:00:32,847:INFO:Preparing display monitor
2023-02-24 09:00:32,855:INFO:Importing libraries
2023-02-24 09:00:32,855:INFO:Copying data for preprocessing
2023-02-24 09:00:32,863:INFO:Declaring preprocessing parameters
2023-02-24 09:00:32,863:INFO:Creating preprocessing pipeline
2023-02-24 09:00:32,871:INFO:Preprocessing pipeline created successfully
2023-02-24 09:00:32,871:ERROR:(Process Exit): setup has been interupted with user command 'quit'. setup must rerun.
2023-02-24 09:00:32,871:INFO:Creating global containers
2023-02-24 09:02:47,389:INFO:PyCaret Supervised Module
2023-02-24 09:02:47,389:INFO:ML Usecase: classification
2023-02-24 09:02:47,389:INFO:version 2.2.2
2023-02-24 09:02:47,389:INFO:Initializing setup()
2023-02-24 09:02:47,389:INFO:setup(target=deposit, ml_usecase=classification, available_plots={'parameter': 'Hyperparameters', 'auc': 'AUC', 'confusion_matrix': 'Confusion Matrix', 'threshold': 'Threshold', 'pr': 'Precision Recall', 'error': 'Prediction Error', 'class_report': 'Class Report', 'rfe': 'Feature Selection', 'learning': 'Learning Curve', 'manifold': 'Manifold Learning', 'calibration': 'Calibration Curve', 'vc': 'Validation Curve', 'dimension': 'Dimensions', 'feature': 'Feature Importance', 'feature_all': 'Feature Importance (All)', 'boundary': 'Decision Boundary', 'lift': 'Lift Chart', 'gain': 'Gain Chart', 'tree': 'Decision Tree'}, train_size=0.7, test_data=None, preprocess=True, imputation_type=simple, iterative_imputation_iters=5, categorical_features=None, categorical_imputation=constant, categorical_iterative_imputer=lightgbm, ordinal_features=None, high_cardinality_features=None, high_cardinality_method=frequency, numeric_features=None, numeric_imputation=mean, numeric_iterative_imputer=lightgbm, date_features=None, ignore_features=None, normalize=False, normalize_method=zscore, transformation=False, transformation_method=yeo-johnson, handle_unknown_categorical=True, unknown_categorical_method=least_frequent, pca=False, pca_method=linear, pca_components=None, ignore_low_variance=False, combine_rare_levels=False, rare_level_threshold=0.1, bin_numeric_features=None, remove_outliers=False, outliers_threshold=0.05, remove_multicollinearity=False, multicollinearity_threshold=0.9, remove_perfect_collinearity=True, create_clusters=False, cluster_iter=20, polynomial_features=False, polynomial_degree=2, trigonometry_features=False, polynomial_threshold=0.1, group_features=None, group_names=None, feature_selection=False, feature_selection_threshold=0.8, feature_selection_method=classic, feature_interaction=False, feature_ratio=False, interaction_threshold=0.01, fix_imbalance=False, fix_imbalance_method=None, transform_target=False, transform_target_method=box-cox, data_split_shuffle=True, data_split_stratify=False, fold_strategy=stratified, fold=10, fold_shuffle=False, fold_groups=None, n_jobs=-1, use_gpu=False, custom_pipeline=None, html=True, session_id=123, log_experiment=False, experiment_name=None, log_plots=False, log_profile=False, log_data=False, silent=False, verbose=True, profile=False, profile_kwargs=None, display=None)
2023-02-24 09:02:47,389:INFO:Checking environment
2023-02-24 09:02:47,389:INFO:python_version: 3.9.12
2023-02-24 09:02:47,389:INFO:python_build: ('main', 'Apr  4 2022 05:22:27')
2023-02-24 09:02:47,389:INFO:machine: AMD64
2023-02-24 09:02:47,389:INFO:platform: Windows-10-10.0.22623-SP0
2023-02-24 09:02:47,389:INFO:Memory: svmem(total=8378363904, available=1961054208, percent=76.6, used=6417309696, free=1961054208)
2023-02-24 09:02:47,389:INFO:Physical Core: 4
2023-02-24 09:02:47,389:INFO:Logical Core: 8
2023-02-24 09:02:47,389:INFO:Checking libraries
2023-02-24 09:02:47,389:INFO:pd==1.4.2
2023-02-24 09:02:47,389:INFO:numpy==1.21.5
2023-02-24 09:02:47,389:INFO:sklearn==1.0.2
2023-02-24 09:02:47,389:INFO:xgboost==1.7.4
2023-02-24 09:02:47,389:INFO:lightgbm==3.3.5
2023-02-24 09:02:47,389:INFO:catboost==1.1.1
2023-02-24 09:02:47,389:INFO:mlflow==2.1.1
2023-02-24 09:02:47,389:INFO:Checking Exceptions
2023-02-24 09:03:58,984:INFO:PyCaret Supervised Module
2023-02-24 09:03:58,984:INFO:ML Usecase: classification
2023-02-24 09:03:58,984:INFO:version 2.2.2
2023-02-24 09:03:58,984:INFO:Initializing setup()
2023-02-24 09:03:58,984:INFO:setup(target=deposit, ml_usecase=classification, available_plots={'parameter': 'Hyperparameters', 'auc': 'AUC', 'confusion_matrix': 'Confusion Matrix', 'threshold': 'Threshold', 'pr': 'Precision Recall', 'error': 'Prediction Error', 'class_report': 'Class Report', 'rfe': 'Feature Selection', 'learning': 'Learning Curve', 'manifold': 'Manifold Learning', 'calibration': 'Calibration Curve', 'vc': 'Validation Curve', 'dimension': 'Dimensions', 'feature': 'Feature Importance', 'feature_all': 'Feature Importance (All)', 'boundary': 'Decision Boundary', 'lift': 'Lift Chart', 'gain': 'Gain Chart', 'tree': 'Decision Tree'}, train_size=0.7, test_data=None, preprocess=True, imputation_type=simple, iterative_imputation_iters=5, categorical_features=None, categorical_imputation=constant, categorical_iterative_imputer=lightgbm, ordinal_features=None, high_cardinality_features=None, high_cardinality_method=frequency, numeric_features=None, numeric_imputation=mean, numeric_iterative_imputer=lightgbm, date_features=None, ignore_features=None, normalize=False, normalize_method=zscore, transformation=False, transformation_method=yeo-johnson, handle_unknown_categorical=True, unknown_categorical_method=least_frequent, pca=False, pca_method=linear, pca_components=None, ignore_low_variance=False, combine_rare_levels=False, rare_level_threshold=0.1, bin_numeric_features=None, remove_outliers=False, outliers_threshold=0.05, remove_multicollinearity=False, multicollinearity_threshold=0.9, remove_perfect_collinearity=True, create_clusters=False, cluster_iter=20, polynomial_features=False, polynomial_degree=2, trigonometry_features=False, polynomial_threshold=0.1, group_features=None, group_names=None, feature_selection=False, feature_selection_threshold=0.8, feature_selection_method=classic, feature_interaction=False, feature_ratio=False, interaction_threshold=0.01, fix_imbalance=False, fix_imbalance_method=None, transform_target=False, transform_target_method=box-cox, data_split_shuffle=True, data_split_stratify=False, fold_strategy=stratifiedkfold, fold=10, fold_shuffle=False, fold_groups=None, n_jobs=-1, use_gpu=False, custom_pipeline=None, html=True, session_id=123, log_experiment=False, experiment_name=None, log_plots=False, log_profile=False, log_data=False, silent=False, verbose=True, profile=False, profile_kwargs=None, display=None)
2023-02-24 09:03:58,984:INFO:Checking environment
2023-02-24 09:03:58,984:INFO:python_version: 3.9.12
2023-02-24 09:03:58,984:INFO:python_build: ('main', 'Apr  4 2022 05:22:27')
2023-02-24 09:03:58,984:INFO:machine: AMD64
2023-02-24 09:03:58,984:INFO:platform: Windows-10-10.0.22623-SP0
2023-02-24 09:03:58,984:INFO:Memory: svmem(total=8378363904, available=1940959232, percent=76.8, used=6437404672, free=1940959232)
2023-02-24 09:03:58,984:INFO:Physical Core: 4
2023-02-24 09:03:58,984:INFO:Logical Core: 8
2023-02-24 09:03:58,984:INFO:Checking libraries
2023-02-24 09:03:58,984:INFO:pd==1.4.2
2023-02-24 09:03:58,984:INFO:numpy==1.21.5
2023-02-24 09:03:58,984:INFO:sklearn==1.0.2
2023-02-24 09:03:58,984:INFO:xgboost==1.7.4
2023-02-24 09:03:58,984:INFO:lightgbm==3.3.5
2023-02-24 09:03:58,984:INFO:catboost==1.1.1
2023-02-24 09:03:58,984:INFO:mlflow==2.1.1
2023-02-24 09:03:58,984:INFO:Checking Exceptions
2023-02-24 09:03:58,984:INFO:Declaring global variables
2023-02-24 09:03:58,984:INFO:USI: 8a3e
2023-02-24 09:03:58,984:INFO:pycaret_globals: {'master_model_container', 'USI', 'experiment__', 'html_param', 'y', 'data_before_preprocess', 'logging_param', 'prep_pipe', 'transform_target_param', 'gpu_param', 'y_train', '_all_models_internal', 'fold_generator', 'create_model_container', 'X_test', '_all_metrics', 'fix_imbalance_method_param', 'stratify_param', '_available_plots', 'target_param', 'fix_imbalance_param', '_gpu_n_jobs_param', 'log_plots_param', 'fold_param', 'fold_shuffle_param', 'fold_groups_param', 'display_container', 'pycaret_globals', 'seed', 'transform_target_method_param', 'X_train', '_all_models', 'n_jobs_param', '_internal_pipeline', 'imputation_regressor', 'imputation_classifier', 'iterative_imputation_iters_param', 'exp_name_log', 'X', 'y_test', '_ml_usecase'}
2023-02-24 09:03:58,984:INFO:Preparing display monitor
2023-02-24 09:03:58,984:INFO:Preparing display monitor
2023-02-24 09:03:59,000:INFO:Importing libraries
2023-02-24 09:03:59,000:INFO:Copying data for preprocessing
2023-02-24 09:03:59,008:INFO:Declaring preprocessing parameters
2023-02-24 09:03:59,008:INFO:Creating preprocessing pipeline
2023-02-24 09:03:59,024:INFO:Preprocessing pipeline created successfully
2023-02-24 09:03:59,024:ERROR:(Process Exit): setup has been interupted with user command 'quit'. setup must rerun.
2023-02-24 09:03:59,024:INFO:Creating global containers
